2014-05-06 08:13:10
-------------------
(live transaction) --> https://api-3t.paypal.com/nvp
Request Headers: 
Array
(
    [0] => Content-Type: text/namevalue
    [1] => X-VPS-Timeout: 90
    [2] => X-VPS-VIT-Client-Type: PHP/cURL
    [3] => X-VPS-VIT-Integration-Product: PHP::Zen Cart(R) - PayPal/NVP
    [4] => X-VPS-VIT-Integration-Version: 1.5.1
)


Request Parameters: {SetExpressCheckout} 
Array
(
    [AMT] => 48.09
    [ITEMAMT] => 48.09
    [L_NAME0] => All the items in your shopping basket (see details in the store and on your store receipt).
    [L_AMT0] => 48.09
    [CURRENCYCODE] => GBP
    [LOCALECODE] => US
    [GIFTMESSAGEENABLE] => 0
    [GIFTRECEIPTEENABLE] => 0
    [GIFTWRAPENABLE] => 0
    [GIFTWRAPNAME] => 
    [GIFTWRAPAMOUNT] => 0
    [BUYEREMAILOPTINENABLE] => 0
    [CUSTOMERSERVICENUMBER] => 
    [BRANDNAME] => Aniga Doll Online Store
    [PAYMENTACTION] => Sale
    [ALLOWNOTE] => 1
    [LANDINGPAGE] => Billing
    [NOSHIPPING] => 0
    [RETURNURL] => http://www.ebayst.com/ipn_main_handler.php?type=ec&zenid=f8c8059754fcbccfb48945ecfdf11377
    [CANCELURL] => http://www.ebayst.com/shopping_cart?ec_cancel=1&zenid=f8c8059754fcbccfb48945ecfdf11377
    [PAGESTYLE] => Primary
    [METHOD] => SetExpressCheckout
    [USER] => amigasexdoll_api1.gmail.com
    [PWD] => ****************
    [VERSION] => 61.0
    [SIGNATURE] => ****************************************************xHcT
)


Response: 
Array
(
    [TOKEN] => EC-0FE217086M115480H
    [TIMESTAMP] => 2014-05-06T08:13:10Z
    [CORRELATIONID] => f6aaa58ad6fb3
    [ACK] => Success
    [VERSION] => 61.0
    [BUILD] => 10850615
    [CURL_ERRORS] => 
)


SetExpressCheckout, Elapsed: 3443ms -- Success

