2015-05-16 11:50:31
-------------------
(live transaction) --> https://api-3t.paypal.com/nvp
Request Headers: 
Array
(
    [0] => Content-Type: text/namevalue
    [1] => X-VPS-Timeout: 90
    [2] => X-VPS-VIT-Client-Type: PHP/cURL
    [3] => X-VPS-VIT-Integration-Product: PHP::Zen Cart(R) - PayPal/NVP
    [4] => X-VPS-VIT-Integration-Version: 1.5.1
)


Request Parameters: {SetExpressCheckout} 
Array
(
    [AMT] => 29.00
    [ITEMAMT] => 29.00
    [L_NUMBER0] => SP001
    [L_NAME0] => Pillow love doll for comfortable sleep and sex [1460]
    [L_QTY0] => 1
    [L_AMT0] => 29.00
    [CURRENCYCODE] => USD
    [LOCALECODE] => US
    [GIFTMESSAGEENABLE] => 0
    [GIFTRECEIPTEENABLE] => 0
    [GIFTWRAPENABLE] => 0
    [GIFTWRAPNAME] => 
    [GIFTWRAPAMOUNT] => 0
    [BUYEREMAILOPTINENABLE] => 0
    [CUSTOMERSERVICENUMBER] => 
    [BRANDNAME] => Niteland Adult Toy Online Store
    [PAYMENTACTION] => Sale
    [ALLOWNOTE] => 1
    [LANDINGPAGE] => Billing
    [NOSHIPPING] => 0
    [RETURNURL] => http://www.sexdollsale.com/ipn_main_handler.php?type=ec
    [CANCELURL] => http://www.sexdollsale.com/shopping_cart?ec_cancel=1
    [PAGESTYLE] => Primary
    [METHOD] => SetExpressCheckout
    [USER] => amigasexdoll_api1.gmail.com
    [PWD] => ****************
    [VERSION] => 61.0
    [SIGNATURE] => ****************************************************xHcT
)


Response: 
Array
(
    [TOKEN] => EC-28908231HA435830W
    [TIMESTAMP] => 2015-05-17T05:50:31Z
    [CORRELATIONID] => 67691ac031322
    [ACK] => Success
    [VERSION] => 61.0
    [BUILD] => 16684246
    [CURL_ERRORS] => 
)


SetExpressCheckout, Elapsed: 453ms -- Success

