2014-05-07 03:40:02
-------------------
(live transaction) --> https://api-3t.paypal.com/nvp
Request Headers: 
Array
(
    [0] => Content-Type: text/namevalue
    [1] => X-VPS-Timeout: 90
    [2] => X-VPS-VIT-Client-Type: PHP/cURL
    [3] => X-VPS-VIT-Integration-Product: PHP::Zen Cart(R) - PayPal/NVP
    [4] => X-VPS-VIT-Integration-Version: 1.5.1
)


Request Parameters: {SetExpressCheckout} 
Array
(
    [AMT] => 8,738.54
    [ITEMAMT] => 8,738.54
    [L_NUMBER0] => SSD003
    [L_NAME0] => 3d sexy doll for male [1409]
    [L_QTY0] => 1
    [L_AMT0] => 113.60
    [L_NUMBER1] => SSD007
    [L_NAME1] => 3d silicone sexy leg doll [1421]
    [L_QTY1] => 1
    [L_AMT1] => 712.90
    [L_NUMBER2] => SBD001
    [L_NAME2] => 3D Buccone hot girl sexy love doll [1433]
    [L_QTY2] => 1
    [L_AMT2] => 2,403.80
    [L_NUMBER3] => SD1181
    [L_NAME3] => 3D real girl silicon sex doll [1499]
    [L_QTY3] => 1
    [L_AMT3] => 330.00
    [L_NUMBER4] => SJK001
    [L_NAME4] => Big boobs*fat ass silicon love doll [1417]
    [L_QTY4] => 1
    [L_AMT4] => 3,004.90
    [L_NUMBER5] => SD077
    [L_NAME5] => Blow up 18-years old girl sexy doll for men [1405]
    [L_QTY5] => 1
    [L_AMT5] => 99.78
    [L_NUMBER6] => SD094
    [L_NAME6] => Blow-up Sex Doll With Vagina for male Masturbation [1402]
    [L_QTY6] => 1
    [L_AMT6] => 92.57
    [L_NUMBER7] => SP001
    [L_NAME7] => cheap price sex pillow doll [1460]
    [L_QTY7] => 1
    [L_AMT7] => 21.04
    [L_NUMBER8] => AS220
    [L_NAME8] => automatic realistic vagina pocket pussy for masturbation [1466]
    [L_QTY8] => 1
    [L_AMT8] => 53.50
    [L_NUMBER9] => DS221
    [L_NAME9] => Dumbbell realistic vagina stroker [1467]
    [L_QTY9] => 1
    [L_AMT9] => 35.46
    [L_NUMBER10] => SRV001
    [L_NAME10] => Fleshlight Realistic Vagina stroker [1426]
    [L_QTY10] => 1
    [L_AMT10] => 12.62
    [L_NUMBER11] => SD033
    [L_NAME11] => Beautiful face blow up korean sex doll [1391]
    [L_QTY11] => 1
    [L_AMT11] => 53.50
    [L_NUMBER12] => SD106
    [L_NAME12] => Cheap price inflatable Sex dolls [1492]
    [L_QTY12] => 1
    [L_AMT12] => 51.10
    [L_NUMBER13] => SD003
    [L_NAME13] => Cyberskin stockings girl sex doll [1356]
    [L_QTY13] => 1
    [L_AMT13] => 1,081.38
    [L_NUMBER14] => LS005
    [L_NAME14] => Sex Lingerie for cheep silicon sex dolls in uk [1507]
    [L_QTY14] => 1
    [L_AMT14] => 10.00
    [L_NUMBER15] => LS006
    [L_NAME15] => Sexy Lingeie for sex doll in UK [1508]
    [L_QTY15] => 1
    [L_AMT15] => 10.00
    [L_NUMBER16] => LS001
    [L_NAME16] => Sexy Lingerie for adult fuck sex doll [1503]
    [L_QTY16] => 1
    [L_AMT16] => 10.00
    [L_NUMBER17] => VM148
    [L_NAME17] => ,G Spot Vibrator,Clit Vibe,Vibration Massage,Adult Sex Toys [1338]
    [L_QTY17] => 1
    [L_AMT17] => 57.95
    [L_NUMBER18] => VM095
    [L_NAME18] => 100* Silicon, 10 Speed Waterproof G Spot Vibrator [1285]
    [L_QTY18] => 1
    [L_AMT18] => 35.77
    [L_NUMBER19] => VM118
    [L_NAME19] => 100* Waterproof, 12 frequece Vibrating G Spot Massager [1308]
    [L_QTY19] => 1
    [L_AMT19] => 35.04
    [L_NUMBER20] => SDW101
    [L_NAME20] => inflated strong male sex doll for women [1501]
    [L_QTY20] => 1
    [L_AMT20] => 54.10
    [L_NUMBER21] => SDW005
    [L_NAME21] => sex doll for female with Clitoris [1423]
    [L_QTY21] => 1
    [L_AMT21] => 59.51
    [L_NUMBER22] => SDM004
    [L_NAME22] => strong silicon sex doll for woman [1461]
    [L_QTY22] => 1
    [L_AMT22] => 239.84
    [L_NUMBER23] => STM102
    [L_NAME23] => 3d vibratring Realistic ass stroker [1491]
    [L_QTY23] => 1
    [L_AMT23] => 39.67
    [L_NUMBER24] => MS006
    [L_NAME24] => 4D realistic vagina for male masturbator [1370]
    [L_QTY24] => 1
    [L_AMT24] => 36.67
    [L_NUMBER25] => MS103
    [L_NAME25] => An Awesome Pocket Pussy [1486]
    [L_QTY25] => 1
    [L_AMT25] => 22.54
    [L_NUMBER26] => SD100
    [L_NAME26] => inflatable Chinese sex doll [1448]
    [L_QTY26] => 1
    [L_AMT26] => 61.30
    [CURRENCYCODE] => GBP
    [LOCALECODE] => US
    [GIFTMESSAGEENABLE] => 0
    [GIFTRECEIPTEENABLE] => 0
    [GIFTWRAPENABLE] => 0
    [GIFTWRAPNAME] => 
    [GIFTWRAPAMOUNT] => 0
    [BUYEREMAILOPTINENABLE] => 0
    [CUSTOMERSERVICENUMBER] => 
    [BRANDNAME] => Aniga Doll Online Store
    [PAYMENTACTION] => Sale
    [ALLOWNOTE] => 1
    [LANDINGPAGE] => Billing
    [NOSHIPPING] => 0
    [RETURNURL] => http://www.ebayst.com/ipn_main_handler.php?type=ec&zenid=968bd477bbc03e9fcaa09e4069f604eb
    [CANCELURL] => http://www.ebayst.com/shopping_cart?ec_cancel=1&zenid=968bd477bbc03e9fcaa09e4069f604eb
    [PAGESTYLE] => Primary
    [METHOD] => SetExpressCheckout
    [USER] => amigasexdoll_api1.gmail.com
    [PWD] => ****************
    [VERSION] => 61.0
    [SIGNATURE] => ****************************************************xHcT
)


Response: 
Array
(
    [TOKEN] => EC-6J3107046B6644814
    [TIMESTAMP] => 2014-05-07T03:40:02Z
    [CORRELATIONID] => ea5047aa24494
    [ACK] => Success
    [VERSION] => 61.0
    [BUILD] => 10850615
    [CURL_ERRORS] => 
)


SetExpressCheckout, Elapsed: 1393ms -- Success

