Apr-23-2014 14:51:02 (1398264662)
getLineItemDetails 7 - subtotal comparisons
BEFORE line-item calcs: Array
(
    [AMT] => 384.11
    [ITEMAMT] => 384.11
    [TAXAMT] => 0
    [SHIPPINGAMT] => 0
    [SHIPDISCAMT] => 0
    [HANDLINGAMT] => 0
    [INSURANCEAMT] => 0
)
AFTER doing line-item calcs: Array
(
    [AMT] => 384.11
    [ITEMAMT] => 384.11
    [TAXAMT] => 0
    [SHIPPINGAMT] => 0
    [SHIPDISCAMT] => 0
    [HANDLINGAMT] => 0
    [INSURANCEAMT] => 0
    [L_NUMBER0] => SKY001
    [L_NAME0] => inflated asian girl face sex doll [1440]
    [L_QTY0] => 3
    [L_AMT0] => 108.2
    [L_NUMBER1] => SD91
    [L_NAME1] => New Eastern beautiful face Sex dolls [1394]
    [L_QTY1] => 1
    [L_AMT1] => 59.51
)

=================================

Apr-23-2014 14:51:02 (1398264662)
getLineItemDetails 8
checking subtotals... 
Array
(
    [calculated total] => 384.11
    [AMT] => 384.11
    [ITEMAMT] => 384.11
)

-------------------
difference: 0  (abs+rounded: 0)
=================================

Apr-23-2014 14:51:02 (1398264662)
getLineItemDetails 10
subtotals balance - okay
=================================

Apr-23-2014 14:51:02 (1398264662)
ec_step1 - 1
Checking to see if we are in markflow
cart contents: physical

NOTE: $this->showPaymentPage = 0
Customer ID: 431
Session Data: Array
(
    [securityToken] => 00d036528bfa7f368244112dde7d50fe
    [customers_host_address] => 87.117.197.59
    [cartID] => 43230
    [cart] => shoppingCart Object
        (
            [contents] => Array
                (
                    [1440] => Array
                        (
                            [qty] => 3
                        )

                    [1394] => Array
                        (
                            [qty] => 1
                        )

                )

            [total] => 384.11
            [weight] => 2.8
            [cartID] => 43230
            [content_type] => physical
            [free_shipping_item] => 0
            [free_shipping_weight] => 0
            [free_shipping_price] => 0
        )

    [check_valid] => true
    [language] => english
    [languages_id] => 1
    [languages_code] => en
    [currency] => GBP
    [today_is] => 2014-04-23
    [updateExpirations] => 1
    [session_counter] => 1
    [customers_ip_address] => 87.117.197.59
    [new_products_id_in_cart] => 1440
    [valid_to_checkout] => 1
    [cart_errors] => 
    [payment] => paypalwpp
    [total_weight] => 2.8
    [total_count] => 4
    [customer_id] => 431
    [customer_first_name] => james
    [customer_default_address_id] => 474
    [customer_country_id] => 223
    [customer_zone_id] => 43
    [customers_authorization] => 0
    [sendto] => 474
    [billto] => 474
    [comments] => 
    [messageToStack] => 
    [shipping] => Array
        (
            [id] => freeoptions_freeoptions
            [title] => Free Shipping Options (Free Shipping)
            [cost] => 0
            [module] => freeoptions
        )

    [paypal_ec_markflow] => 1
)

=================================

Apr-23-2014 14:51:02 (1398264662)
ec-step1-addr_check
cart content is not all virtual (or customer is not logged in) ... therefore will be submitting address details
=================================

Apr-23-2014 14:51:02 (1398264662)
getOverrideAddress - 1
Now in markflow mode.
SESSION[sendto] = 474
=================================

Apr-23-2014 14:51:02 (1398264662)
getOverrideAddress - 2
$address_arr->fields = Array
(
    [entry_firstname] => james
    [entry_lastname] => zeng
    [entry_company] => 
    [entry_street_address] => nanjing road
    [entry_suburb] => 
    [entry_city] => Newyork
    [entry_postcode] => NY1028
    [entry_country_id] => 223
    [entry_zone_id] => 43
    [entry_state] => 
    [zone_code] => NY
    [countries_iso_code_2] => US
)

=================================

Apr-23-2014 14:51:02 (1398264662)
ec-step1-addr_check3
address details from override check:Array
(
    [entry_firstname] => james
    [entry_lastname] => zeng
    [entry_company] => 
    [entry_street_address] => nanjing road
    [entry_suburb] => 
    [entry_city] => Newyork
    [entry_postcode] => NY1028
    [entry_country_id] => 223
    [entry_zone_id] => 43
    [entry_state] => 
    [zone_code] => NY
    [countries_iso_code_2] => US
)

=================================

Apr-23-2014 14:51:02 (1398264662)
ec_step1 - 2 -submit
Array
(
    [AMT] => 384.11
    [ITEMAMT] => 384.11
    [L_NUMBER0] => SKY001
    [L_NAME0] => inflated asian girl face sex doll [1440]
    [L_QTY0] => 3
    [L_AMT0] => 108.20
    [L_NUMBER1] => SD91
    [L_NAME1] => New Eastern beautiful face Sex dolls [1394]
    [L_QTY1] => 1
    [L_AMT1] => 59.51
    [CURRENCYCODE] => GBP
    [LOCALECODE] => US
    [GIFTMESSAGEENABLE] => 0
    [GIFTRECEIPTEENABLE] => 0
    [GIFTWRAPENABLE] => 0
    [GIFTWRAPNAME] => 
    [GIFTWRAPAMOUNT] => 0
    [BUYEREMAILOPTINENABLE] => 0
    [CUSTOMERSERVICENUMBER] => 
    [BRANDNAME] => Aniga Doll Online Store
    [PAYMENTACTION] => Sale
    [ALLOWNOTE] => 1
    [SOLUTIONTYPE] => Sole
    [LANDINGPAGE] => Billing
    [NOSHIPPING] => 0
    [ADDROVERRIDE] => 1
    [SHIPTONAME] => james zeng
    [SHIPTOSTREET] => nanjing road
    [SHIPTOCITY] => Newyork
    [SHIPTOZIP] => NY1028
    [SHIPTOSTATE] => NY
    [SHIPTOCOUNTRYCODE] => US
    [SHIPTOPHONENUM] => 
    [EMAIL] => s1@test.com
    [RETURNURL] => http://www.ebayst.com/ipn_main_handler.php?type=ec
    [CANCELURL] => http://www.ebayst.com/index.php?main_page=checkout_shipping&ec_cancel=1
)

=================================

Apr-23-2014 14:51:26 (1398264686)
termEC-1
Killed the session vars as requested
=================================

Apr-23-2014 14:51:26 (1398264686)
termEC-2
BEFORE: $this->showPaymentPage = 0
Token Data:
=================================

Apr-23-2014 14:51:26 (1398264686)
termEC-3
AFTER: $this->showPaymentPage = 0
=================================

Apr-23-2014 14:51:26 (1398264686)
termEC-8
$this->showPaymentPage NOT true, and NO custom page selected ... using SHIPPING as default
=================================

Apr-23-2014 14:51:26 (1398264686)
termEC-10
Redirecting to checkout_shipping - Stack: checkout_shipping
Message: The address information you entered does not appear to be valid or cannot be matched. Please select or add a different address and try again. (10736) 10736  Shipping Address Invalid City State Postal Code - A match of the Shipping Address City, State, and Postal Code failed.
Session Data: Array
(
    [securityToken] => 00d036528bfa7f368244112dde7d50fe
    [customers_host_address] => 87.117.197.59
    [cartID] => 43230
    [cart] => shoppingCart Object
        (
            [contents] => Array
                (
                    [1440] => Array
                        (
                            [qty] => 3
                        )

                    [1394] => Array
                        (
                            [qty] => 1
                        )

                )

            [total] => 384.11
            [weight] => 2.8
            [cartID] => 43230
            [content_type] => physical
            [free_shipping_item] => 0
            [free_shipping_weight] => 0
            [free_shipping_price] => 0
        )

    [navigation] => navigationHistory Object
        (
            [path] => Array
                (
                    [0] => Array
                        (
                            [page] => index
                            [mode] => NONSSL
                            [get] => Array
                                (
                                    [type] => ec
                                    [markflow] => 1
                                    [clearSess] => 1
                                    [stage] => final
                                )

                            [post] => Array
                                (
                                )

                        )

                )

            [snapshot] => Array
                (
                )

        )

    [check_valid] => true
    [language] => english
    [languages_id] => 1
    [languages_code] => en
    [currency] => GBP
    [today_is] => 2014-04-23
    [updateExpirations] => 1
    [session_counter] => 1
    [customers_ip_address] => 87.117.197.59
    [new_products_id_in_cart] => 1440
    [valid_to_checkout] => 1
    [cart_errors] => 
    [payment] => paypalwpp
    [total_weight] => 2.8
    [total_count] => 4
    [customer_id] => 431
    [customer_first_name] => james
    [customer_default_address_id] => 474
    [customer_country_id] => 223
    [customer_zone_id] => 43
    [customers_authorization] => 0
    [sendto] => 474
    [billto] => 474
    [comments] => 
    [messageToStack] => Array
        (
            [0] => Array
                (
                    [class] => checkout_shipping
                    [text] => The address information you entered does not appear to be valid or cannot be matched. Please select or add a different address and try again. (10736) 10736  Shipping Address Invalid City State Postal Code - A match of the Shipping Address City, State, and Postal Code failed.
                    [type] => error
                )

        )

    [shipping] => Array
        (
            [id] => freeoptions_freeoptions
            [title] => Free Shipping Options (Free Shipping)
            [cost] => 0
            [module] => freeoptions
        )

)

=================================

