2014-05-04 01:20:12
-------------------
(live transaction) --> https://api-3t.paypal.com/nvp
Request Headers: 
Array
(
    [0] => Content-Type: text/namevalue
    [1] => X-VPS-Timeout: 90
    [2] => X-VPS-VIT-Client-Type: PHP/cURL
    [3] => X-VPS-VIT-Integration-Product: PHP::Zen Cart(R) - PayPal/NVP
    [4] => X-VPS-VIT-Integration-Version: 1.5.1
)


Request Parameters: {GetExpressCheckoutDetails} 
Array
(
    [TOKEN] => EC-68K82804DV345421H
    [METHOD] => GetExpressCheckoutDetails
    [USER] => amigasexdoll_api1.gmail.com
    [PWD] => ****************
    [VERSION] => 61.0
    [SIGNATURE] => ****************************************************xHcT
)


Response: 
Array
(
    [TOKEN] => EC-68K82804DV345421H
    [PHONENUM] => 8618059949858
    [CHECKOUTSTATUS] => PaymentActionNotInitiated
    [TIMESTAMP] => 2014-05-04T13:20:12Z
    [CORRELATIONID] => 39c5120de07d3
    [ACK] => Success
    [VERSION] => 61.0
    [BUILD] => 10850615
    [EMAIL] => amigatoy@gmail.com
    [PAYERID] => QVYKHWYNWPZUY
    [PAYERSTATUS] => verified
    [FIRSTNAME] => JianZe
    [LASTNAME] => Zeng
    [COUNTRYCODE] => CN
    [SHIPTONAME] => Zeng JianZe
    [SHIPTOSTREET] => 冯宅村28号(No.28 Fengzhai Village)Cell No:15705910133
    [SHIPTOCITY] => 福州市仓山区建新镇(Jianxin Town,fuzhou city)
    [SHIPTOSTATE] => Fujian
    [SHIPTOZIP] => 350000
    [SHIPTOCOUNTRYCODE] => CN
    [SHIPTOPHONENUM] =>  86 18059949858
    [SHIPTOCOUNTRYNAME] => China
    [ADDRESSSTATUS] => Unconfirmed
    [CURRENCYCODE] => GBP
    [AMT] => 17.43
    [ITEMAMT] => 17.43
    [SHIPPINGAMT] => 0.00
    [HANDLINGAMT] => 0.00
    [TAXAMT] => 0.00
    [INSURANCEAMT] => 0.00
    [SHIPDISCAMT] => 0.00
    [L_NAME0] => Medical Silicon material pussy stroker [1383]
    [L_NUMBER0] => MS019
    [L_QTY0] => 1
    [L_TAXAMT0] => 0.00
    [L_AMT0] => 17.43
    [L_ITEMWEIGHTVALUE0] =>    0.00000
    [L_ITEMLENGTHVALUE0] =>    0.00000
    [L_ITEMWIDTHVALUE0] =>    0.00000
    [L_ITEMHEIGHTVALUE0] =>    0.00000
    [CURL_ERRORS] => 
)


GetExpressCheckoutDetails, Elapsed: 801ms -- Success

