Feb-12-2016 14:04:45 (1455311085)
getLineItemDetails 7 - subtotal comparisons
BEFORE line-item calcs: Array
(
    [AMT] => 95
    [ITEMAMT] => 95
    [TAXAMT] => 0
    [SHIPPINGAMT] => 0
    [SHIPDISCAMT] => 0
    [HANDLINGAMT] => 0
    [INSURANCEAMT] => 0
)
AFTER doing line-item calcs: Array
(
    [AMT] => 95
    [ITEMAMT] => 95
    [TAXAMT] => 0
    [SHIPPINGAMT] => 0
    [SHIPDISCAMT] => 0
    [HANDLINGAMT] => 0
    [INSURANCEAMT] => 0
    [L_NUMBER0] => SD001
    [L_NAME0] => Anna 3 holes blow up sex doll for male [1435]
    [L_QTY0] => 1
    [L_AMT0] => 95
)

=================================

Feb-12-2016 14:04:45 (1455311085)
getLineItemDetails 8
checking subtotals... 
Array
(
    [calculated total] => 95.00
    [AMT] => 95.00
    [ITEMAMT] => 95.00
)

-------------------
difference: 0  (abs+rounded: 0)
=================================

Feb-12-2016 14:04:45 (1455311085)
getLineItemDetails 10
subtotals balance - okay
=================================

Feb-12-2016 14:04:45 (1455311085)
ec_step1 - 1
Checking to see if we are in markflow
cart contents: physical

NOTE: $this->showPaymentPage = 0
Customer ID: 447
Session Data: Array
(
    [securityToken] => 0e92c4a203b674a5f8153bcbf361b06c
    [customers_host_address] => c-73-232-101-130.hsd1.tx.comcast.net
    [cartID] => 27358
    [cart] => shoppingCart Object
        (
            [contents] => Array
                (
                    [1435] => Array
                        (
                            [qty] => 1
                        )

                )

            [total] => 95
            [weight] => 2.5
            [cartID] => 27358
            [content_type] => physical
            [free_shipping_item] => 0
            [free_shipping_weight] => 0
            [free_shipping_price] => 0
        )

    [check_valid] => true
    [language] => english
    [languages_id] => 1
    [languages_code] => en
    [currency] => USD
    [today_is] => 2016-02-12
    [updateExpirations] => 1
    [session_counter] => 1
    [customers_ip_address] => 73.232.101.130
    [new_products_id_in_cart] => 1435
    [valid_to_checkout] => 1
    [cart_errors] => 
    [payment] => paypalwpp
    [total_weight] => 2.5
    [total_count] => 1
    [action] => process
    [email_format] => TEXT
    [shippingAddress] => 1
    [gender] => m
    [firstname] => achyut
    [lastname] => mohan
    [street_address] => 13102 fallsview lane apt#5015
    [city] => houston
    [zone_country_id] => 223
    [zone_id] => 57
    [postcode] => 77077
    [telephone] => 8326912256
    [firstname_shipping] => 
    [lastname_shipping] => 
    [street_address_shipping] => 
    [city_shipping] => 
    [zone_country_id_shipping] => 223
    [zone_id_shipping] => 
    [postcode_shipping] => 
    [email_address] => achyut.maddur@gmail.com
    [password] => ultachappal
    [confirmation] => ultachappal
    [messageToStack] => 
    [customer_id] => 447
    [cart_address_id] => 494
    [sendto] => 494
    [shipping] => Array
        (
            [id] => freeoptions_freeoptions
            [title] => Free Shipping Options (Free Shipping)
            [cost] => 0
        )

    [customer_first_name] => achyut
    [customer_default_address_id] => 494
    [customer_country_id] => 223
    [customer_zone_id] => 57
    [customers_authorization] => 0
    [billto] => 494
    [comments] => 
    [paypal_ec_markflow] => 1
)

=================================

Feb-12-2016 14:04:45 (1455311085)
ec-step1-addr_check
cart content is not all virtual (or customer is not logged in) ... therefore will be submitting address details
=================================

Feb-12-2016 14:04:45 (1455311085)
getOverrideAddress - 1
Now in markflow mode.
SESSION[sendto] = 494
=================================

Feb-12-2016 14:04:45 (1455311085)
getOverrideAddress - 2
$address_arr->fields = Array
(
    [entry_firstname] => achyut
    [entry_lastname] => mohan
    [entry_company] => 
    [entry_street_address] => 13102 fallsview lane apt#5015
    [entry_suburb] => 
    [entry_city] => houston
    [entry_postcode] => 77077
    [entry_country_id] => 223
    [entry_zone_id] => 57
    [entry_state] => 
    [zone_code] => TX
    [countries_iso_code_2] => US
)

=================================

Feb-12-2016 14:04:45 (1455311085)
ec-step1-addr_check3
address details from override check:Array
(
    [entry_firstname] => achyut
    [entry_lastname] => mohan
    [entry_company] => 
    [entry_street_address] => 13102 fallsview lane apt#5015
    [entry_suburb] => 
    [entry_city] => houston
    [entry_postcode] => 77077
    [entry_country_id] => 223
    [entry_zone_id] => 57
    [entry_state] => 
    [zone_code] => TX
    [countries_iso_code_2] => US
)

=================================

Feb-12-2016 14:04:45 (1455311085)
ec_step1 - 2 -submit
Array
(
    [AMT] => 95.00
    [ITEMAMT] => 95.00
    [L_NUMBER0] => SD001
    [L_NAME0] => Anna 3 holes blow up sex doll for male [1435]
    [L_QTY0] => 1
    [L_AMT0] => 95.00
    [CURRENCYCODE] => USD
    [LOCALECODE] => US
    [GIFTMESSAGEENABLE] => 0
    [GIFTRECEIPTEENABLE] => 0
    [GIFTWRAPENABLE] => 0
    [GIFTWRAPNAME] => 
    [GIFTWRAPAMOUNT] => 0
    [BUYEREMAILOPTINENABLE] => 0
    [CUSTOMERSERVICENUMBER] => 
    [BRANDNAME] => Niteland Adult Toy Online Store
    [PAYMENTACTION] => Sale
    [ALLOWNOTE] => 1
    [SOLUTIONTYPE] => Sole
    [LANDINGPAGE] => Billing
    [NOSHIPPING] => 0
    [ADDROVERRIDE] => 1
    [SHIPTONAME] => achyut mohan
    [SHIPTOSTREET] => 13102 fallsview lane apt#5015
    [SHIPTOCITY] => houston
    [SHIPTOZIP] => 77077
    [SHIPTOSTATE] => TX
    [SHIPTOCOUNTRYCODE] => US
    [SHIPTOPHONENUM] => 
    [EMAIL] => achyut.maddur@gmail.com
    [RETURNURL] => http://www.sexdollsale.com/ipn_main_handler.php?type=ec
    [CANCELURL] => http://www.sexdollsale.com/index.php?main_page=checkout_shipping&ec_cancel=1
)

=================================

