Sep-09-2015 01:22:45 (1441783365)
getLineItemDetails 7 - subtotal comparisons
BEFORE line-item calcs: Array
(
    [AMT] => 90
    [ITEMAMT] => 90
    [TAXAMT] => 0
    [SHIPPINGAMT] => 0
    [SHIPDISCAMT] => 0
    [HANDLINGAMT] => 0
    [INSURANCEAMT] => 0
)
AFTER doing line-item calcs: Array
(
    [AMT] => 90
    [ITEMAMT] => 90
    [TAXAMT] => 0
    [SHIPPINGAMT] => 0
    [SHIPDISCAMT] => 0
    [HANDLINGAMT] => 0
    [INSURANCEAMT] => 0
    [L_NUMBER0] => SD078
    [L_NAME0] => Flesh happy Lucy sexy real love doll [1401]
    [L_QTY0] => 1
    [L_AMT0] => 90
)

=================================

Sep-09-2015 01:22:45 (1441783365)
getLineItemDetails 8
checking subtotals... 
Array
(
    [calculated total] => 90.00
    [AMT] => 90.00
    [ITEMAMT] => 90.00
)

-------------------
difference: 0  (abs+rounded: 0)
=================================

Sep-09-2015 01:22:45 (1441783365)
getLineItemDetails 10
subtotals balance - okay
=================================

Sep-09-2015 01:22:45 (1441783365)
ec_step1 - 1
Checking to see if we are in markflow
cart contents: physical

NOTE: $this->showPaymentPage = 0
Customer ID: 438
Session Data: Array
(
    [securityToken] => 910569b178679244e2724a2e44658f3e
    [customers_host_address] => 108-213-254-27.lightspeed.hstntx.sbcglobal.net
    [cartID] => 43081
    [cart] => shoppingCart Object
        (
            [contents] => Array
                (
                    [1401] => Array
                        (
                            [qty] => 1
                        )

                )

            [total] => 90
            [weight] => 0
            [cartID] => 43081
            [content_type] => physical
            [free_shipping_item] => 0
            [free_shipping_weight] => 0
            [free_shipping_price] => 0
        )

    [check_valid] => true
    [language] => english
    [languages_id] => 1
    [languages_code] => en
    [currency] => USD
    [today_is] => 2015-09-09
    [updateExpirations] => 1
    [session_counter] => 1
    [customers_ip_address] => 108.213.254.27
    [new_products_id_in_cart] => 1401
    [valid_to_checkout] => 1
    [cart_errors] => 
    [payment] => paypalwpp
    [total_weight] => 0
    [total_count] => 1
    [sendto] => 484
    [billto] => 483
    [action] => process
    [email_pref_html] => email_format
    [shippingAddress] => 1
    [firstname] => Liat
    [lastname] => Gang
    [street_address] => Moshe Dayann 16/5
    [city] => Yahud
    [zone_country_id] => 104
    [zone_id] => 
    [state] =>  Israel
    [postcode] => 5645009
    [firstname_shipping] => 
    [lastname_shipping] => 
    [street_address_shipping] => 
    [city_shipping] => 
    [zone_country_id_shipping] => 223
    [zone_id_shipping] => 
    [state_shipping] =>  
    [postcode_shipping] => 
    [email_address] => Tgoldsberry90@gmail.com
    [email_format] => TEXT
    [telephone] => 0542326576
    [gender] => m
    [COWOA] => 1
    [customer_id] => 438
    [shipping] => Array
        (
            [id] => freeoptions_freeoptions
            [title] => Free Shipping Options (Free Shipping)
            [cost] => 0
        )

    [customer_first_name] => Liat
    [customer_default_address_id] => 483
    [customer_country_id] => 104
    [customer_zone_id] => 
    [customers_authorization] => 0
    [comments] => 
    [paypal_ec_markflow] => 1
)

=================================

Sep-09-2015 01:22:45 (1441783365)
ec-step1-addr_check
cart content is not all virtual (or customer is not logged in) ... therefore will be submitting address details
=================================

Sep-09-2015 01:22:45 (1441783365)
getOverrideAddress - 1
Now in markflow mode.
SESSION[sendto] = 484
=================================

Sep-09-2015 01:22:45 (1441783365)
getOverrideAddress - 2
$address_arr->fields = Array
(
    [entry_firstname] => Taylor
    [entry_lastname] => Goldsberry
    [entry_company] => 
    [entry_street_address] => 4444 victory dr.
    [entry_suburb] => 
    [entry_city] => Houston
    [entry_postcode] => 77088
    [entry_country_id] => 223
    [entry_zone_id] => 57
    [entry_state] => 
    [zone_code] => TX
    [countries_iso_code_2] => US
)

=================================

Sep-09-2015 01:22:45 (1441783365)
ec-step1-addr_check3
address details from override check:Array
(
    [entry_firstname] => Taylor
    [entry_lastname] => Goldsberry
    [entry_company] => 
    [entry_street_address] => 4444 victory dr.
    [entry_suburb] => 
    [entry_city] => Houston
    [entry_postcode] => 77088
    [entry_country_id] => 223
    [entry_zone_id] => 57
    [entry_state] => 
    [zone_code] => TX
    [countries_iso_code_2] => US
)

=================================

Sep-09-2015 01:22:45 (1441783365)
ec_step1 - 2 -submit
Array
(
    [AMT] => 90.00
    [ITEMAMT] => 90.00
    [L_NUMBER0] => SD078
    [L_NAME0] => Flesh happy Lucy sexy real love doll [1401]
    [L_QTY0] => 1
    [L_AMT0] => 90.00
    [CURRENCYCODE] => USD
    [LOCALECODE] => US
    [GIFTMESSAGEENABLE] => 0
    [GIFTRECEIPTEENABLE] => 0
    [GIFTWRAPENABLE] => 0
    [GIFTWRAPNAME] => 
    [GIFTWRAPAMOUNT] => 0
    [BUYEREMAILOPTINENABLE] => 0
    [CUSTOMERSERVICENUMBER] => 
    [BRANDNAME] => Niteland Adult Toy Online Store
    [PAYMENTACTION] => Sale
    [ALLOWNOTE] => 1
    [SOLUTIONTYPE] => Sole
    [LANDINGPAGE] => Billing
    [NOSHIPPING] => 0
    [ADDROVERRIDE] => 1
    [SHIPTONAME] => Taylor Goldsberry
    [SHIPTOSTREET] => 4444 victory dr.
    [SHIPTOCITY] => Houston
    [SHIPTOZIP] => 77088
    [SHIPTOSTATE] => TX
    [SHIPTOCOUNTRYCODE] => US
    [SHIPTOPHONENUM] => 
    [EMAIL] => Tgoldsberry90@gmail.com
    [RETURNURL] => http://www.sexdollsale.com/ipn_main_handler.php?type=ec
    [CANCELURL] => http://www.sexdollsale.com/index.php?main_page=checkout_shipping&ec_cancel=1
)

=================================

