Feb-12-2016 14:06:25 (1455311185)
getLineItemDetails 7 - subtotal comparisons
BEFORE line-item calcs: Array
(
    [AMT] => 95
    [ITEMAMT] => 95
    [TAXAMT] => 0
    [SHIPPINGAMT] => 0
    [SHIPDISCAMT] => 0
    [HANDLINGAMT] => 0
    [INSURANCEAMT] => 0
)
AFTER doing line-item calcs: Array
(
    [AMT] => 95
    [ITEMAMT] => 95
    [TAXAMT] => 0
    [SHIPPINGAMT] => 0
    [SHIPDISCAMT] => 0
    [HANDLINGAMT] => 0
    [INSURANCEAMT] => 0
    [L_NUMBER0] => SD001
    [L_NAME0] => Anna 3 holes blow up sex doll for male [1435]
    [L_QTY0] => 1
    [L_AMT0] => 95
)

=================================

Feb-12-2016 14:06:25 (1455311185)
getLineItemDetails 8
checking subtotals... 
Array
(
    [calculated total] => 95.00
    [AMT] => 95.00
    [ITEMAMT] => 95.00
)

-------------------
difference: 0  (abs+rounded: 0)
=================================

Feb-12-2016 14:06:25 (1455311185)
getLineItemDetails 10
subtotals balance - okay
=================================

Feb-12-2016 14:06:25 (1455311185)
before_process - EC-1
Beginning EC mode
=================================

Feb-12-2016 14:06:25 (1455311185)
before_process - EC-2
address overrides added:
Array
(
    [AMT] => 95.00
    [ITEMAMT] => 95.00
    [L_NUMBER0] => SD001
    [L_NAME0] => Anna 3 holes blow up sex doll for male [1435]
    [L_QTY0] => 1
    [L_AMT0] => 95.00
    [DESC] => 
    [SHIPTONAME] => achyut mohan
    [SHIPTOSTREET] => 13102 fallsview lane apt#5015
    [SHIPTOSTREET2] => 
    [SHIPTOCITY] => houston
    [SHIPTOSTATE] => TX
    [SHIPTOZIP] => 77077
    [SHIPTOCOUNTRYCODE] => US
)

=================================

Feb-12-2016 14:06:25 (1455311185)
before_process - EC-3
address info added:
Array
(
    [AMT] => 95.00
    [ITEMAMT] => 95.00
    [L_NUMBER0] => SD001
    [L_NAME0] => Anna 3 holes blow up sex doll for male [1435]
    [L_QTY0] => 1
    [L_AMT0] => 95.00
    [DESC] => 
    [SHIPTONAME] => achyut mohan
    [SHIPTOSTREET] => 13102 fallsview lane apt#5015
    [SHIPTOSTREET2] => 
    [SHIPTOCITY] => houston
    [SHIPTOSTATE] => TX
    [SHIPTOZIP] => 77077
    [SHIPTOCOUNTRYCODE] => US
)

=================================

Feb-12-2016 14:06:25 (1455311185)
before_process - EC-4
info being submitted:
EC-2DM18796AE1747205 4KS98EZLV9H9E 95.00
Array
(
    [AMT] => 95.00
    [ITEMAMT] => 95.00
    [L_NUMBER0] => SD001
    [L_NAME0] => Anna 3 holes blow up sex doll for male [1435]
    [L_QTY0] => 1
    [L_AMT0] => 95.00
    [DESC] => 
    [SHIPTONAME] => achyut mohan
    [SHIPTOSTREET] => 13102 fallsview lane apt#5015
    [SHIPTOCITY] => houston
    [SHIPTOSTATE] => TX
    [SHIPTOZIP] => 77077
    [SHIPTOCOUNTRYCODE] => US
    [BUTTONSOURCE] => ZenCart-EC_us
    [RETURNFMFDETAILS] => 0
    [CUSTOM] => EC-447-1455311185
    [INVNUM] => 447-1455311185-[NitelandAdultToyOnlineStore]
    [CURRENCY] => USD
)

=================================

Feb-12-2016 14:06:27 (1455311187)
before_process - EC-5
resultset:
Array
(
    [TOKEN] => EC-2DM18796AE1747205
    [SUCCESSPAGEREDIRECTREQUESTED] => false
    [TIMESTAMP] => 2016-02-12T21:06:27Z
    [CORRELATIONID] => c33166ec6ff97
    [ACK] => Success
    [VERSION] => 61.0
    [BUILD] => 18308778
    [TRANSACTIONID] => 3LX16043AA7311111
    [RECEIPTID] => 2536908102585273
    [TRANSACTIONTYPE] => cart
    [PAYMENTTYPE] => instant
    [ORDERTIME] => 2016-02-12T21:06:26Z
    [AMT] => 95.00
    [FEEAMT] => 4.48
    [TAXAMT] => 0.00
    [CURRENCYCODE] => USD
    [PAYMENTSTATUS] => Completed
    [PENDINGREASON] => None
    [REASONCODE] => None
    [PROTECTIONELIGIBILITY] => Ineligible
    [INSURANCEOPTIONSELECTED] => false
    [SHIPPINGOPTIONISDEFAULT] => false
    [CURL_ERRORS] => 
)

=================================

