2015-12-09 05:59:20
-------------------
(live transaction) --> https://api-3t.paypal.com/nvp
Request Headers: 
Array
(
    [0] => Content-Type: text/namevalue
    [1] => X-VPS-Timeout: 90
    [2] => X-VPS-VIT-Client-Type: PHP/cURL
    [3] => X-VPS-VIT-Integration-Product: PHP::Zen Cart(R) - PayPal/NVP
    [4] => X-VPS-VIT-Integration-Version: 1.5.1
)


Request Parameters: {SetExpressCheckout} 
Array
(
    [AMT] => 60.00
    [ITEMAMT] => 60.00
    [L_NUMBER0] => MEIR030
    [L_NAME0] => 2015 aircraft Cup [1590]
    [L_QTY0] => 1
    [L_AMT0] => 60.00
    [CURRENCYCODE] => USD
    [LOCALECODE] => US
    [GIFTMESSAGEENABLE] => 0
    [GIFTRECEIPTEENABLE] => 0
    [GIFTWRAPENABLE] => 0
    [GIFTWRAPNAME] => 
    [GIFTWRAPAMOUNT] => 0
    [BUYEREMAILOPTINENABLE] => 0
    [CUSTOMERSERVICENUMBER] => 
    [BRANDNAME] => Niteland Adult Toy Online Store
    [PAYMENTACTION] => Sale
    [ALLOWNOTE] => 1
    [LANDINGPAGE] => Billing
    [NOSHIPPING] => 0
    [ADDROVERRIDE] => 1
    [SHIPTONAME] => hgfg fgh
    [SHIPTOSTREET] => gfhggfdd
    [SHIPTOCITY] => gfhf
    [SHIPTOZIP] => 225678
    [SHIPTOSTATE] =>  up
    [SHIPTOCOUNTRYCODE] => IN
    [SHIPTOPHONENUM] => 
    [EMAIL] => dgf@gmail.con
    [RETURNURL] => http://www.sexdollsale.com/ipn_main_handler.php?type=ec
    [CANCELURL] => http://www.sexdollsale.com/index.php?main_page=checkout_shipping&ec_cancel=1
    [PAGESTYLE] => Primary
    [METHOD] => SetExpressCheckout
    [USER] => amigasexdoll_api1.gmail.com
    [PWD] => ****************
    [VERSION] => 61.0
    [SIGNATURE] => ****************************************************xHcT
)


Response: 
Array
(
    [TOKEN] => EC-9PA0323169506522A
    [TIMESTAMP] => 2015-12-09T12:59:20Z
    [CORRELATIONID] => 27e667925e379
    [ACK] => Success
    [VERSION] => 61.0
    [BUILD] => 18308778
    [CURL_ERRORS] => 
)


SetExpressCheckout, Elapsed: 484ms -- Success

