May-16-2015 23:54:52 (1431842092)
getLineItemDetails 7 - subtotal comparisons
BEFORE line-item calcs: Array
(
    [AMT] => 60
    [ITEMAMT] => 60
    [TAXAMT] => 0
    [SHIPPINGAMT] => 0
    [SHIPDISCAMT] => 0
    [HANDLINGAMT] => 0
    [INSURANCEAMT] => 0
)
AFTER doing line-item calcs: Array
(
    [AMT] => 60
    [ITEMAMT] => 60
    [TAXAMT] => 0
    [SHIPPINGAMT] => 0
    [SHIPDISCAMT] => 0
    [HANDLINGAMT] => 0
    [INSURANCEAMT] => 0
    [L_NUMBER0] => mv045
    [L_NAME0] => wireless remote control massage vibrators [1524]
    [L_QTY0] => 1
    [L_AMT0] => 60
)

=================================

May-16-2015 23:54:52 (1431842092)
getLineItemDetails 8
checking subtotals... 
Array
(
    [calculated total] => 60.00
    [AMT] => 60.00
    [ITEMAMT] => 60.00
)

-------------------
difference: 0  (abs+rounded: 0)
=================================

May-16-2015 23:54:52 (1431842092)
getLineItemDetails 10
subtotals balance - okay
=================================

May-16-2015 23:54:52 (1431842092)
before_process - EC-1
Beginning EC mode
=================================

May-16-2015 23:54:52 (1431842092)
before_process - EC-2
address overrides added:
Array
(
    [AMT] => 60.00
    [ITEMAMT] => 60.00
    [L_NUMBER0] => mv045
    [L_NAME0] => wireless remote control massage vibrators [1524]
    [L_QTY0] => 1
    [L_AMT0] => 60.00
    [DESC] => 
    [SHIPTONAME] => ANPING LIN
    [SHIPTOSTREET] => 1669 E Trenton ave
    [SHIPTOSTREET2] => 
    [SHIPTOCITY] => Fresno
    [SHIPTOSTATE] => CA
    [SHIPTOZIP] => 93720
    [SHIPTOCOUNTRYCODE] => US
)

=================================

May-16-2015 23:54:52 (1431842092)
before_process - EC-3
address info added:
Array
(
    [AMT] => 60.00
    [ITEMAMT] => 60.00
    [L_NUMBER0] => mv045
    [L_NAME0] => wireless remote control massage vibrators [1524]
    [L_QTY0] => 1
    [L_AMT0] => 60.00
    [DESC] => 
    [SHIPTONAME] => ANPING LIN
    [SHIPTOSTREET] => 1669 E Trenton ave
    [SHIPTOSTREET2] => 
    [SHIPTOCITY] => Fresno
    [SHIPTOSTATE] => CA
    [SHIPTOZIP] => 93720
    [SHIPTOCOUNTRYCODE] => US
)

=================================

May-16-2015 23:54:52 (1431842092)
before_process - EC-4
info being submitted:
EC-34E24358C38771442 5H252Y2PKBSYE 60.00
Array
(
    [AMT] => 60.00
    [ITEMAMT] => 60.00
    [L_NUMBER0] => mv045
    [L_NAME0] => wireless remote control massage vibrators [1524]
    [L_QTY0] => 1
    [L_AMT0] => 60.00
    [DESC] => 
    [SHIPTONAME] => ANPING LIN
    [SHIPTOSTREET] => 1669 E Trenton ave
    [SHIPTOCITY] => Fresno
    [SHIPTOSTATE] => CA
    [SHIPTOZIP] => 93720
    [SHIPTOCOUNTRYCODE] => US
    [BUTTONSOURCE] => ZenCart-EC_us
    [RETURNFMFDETAILS] => 0
    [CUSTOM] => EC-434-1431842092
    [INVNUM] => 434-1431842092-[NitelandAdultToyOnlineStore]
    [CURRENCY] => USD
)

=================================

May-16-2015 23:54:55 (1431842095)
before_process - EC-5
resultset:
Array
(
    [TOKEN] => EC-34E24358C38771442
    [SUCCESSPAGEREDIRECTREQUESTED] => false
    [TIMESTAMP] => 2015-05-17T05:54:55Z
    [CORRELATIONID] => 5e799bfc4c4c5
    [ACK] => Success
    [VERSION] => 61.0
    [BUILD] => 16684246
    [TRANSACTIONID] => 5XP0758553596832E
    [TRANSACTIONTYPE] => cart
    [PAYMENTTYPE] => instant
    [ORDERTIME] => 2015-05-17T05:54:54Z
    [AMT] => 60.00
    [FEEAMT] => 2.94
    [TAXAMT] => 0.00
    [CURRENCYCODE] => USD
    [PAYMENTSTATUS] => Completed
    [PENDINGREASON] => None
    [REASONCODE] => None
    [PROTECTIONELIGIBILITY] => Eligible
    [INSURANCEOPTIONSELECTED] => false
    [SHIPPINGOPTIONISDEFAULT] => false
    [CURL_ERRORS] => 
)

=================================

