2015-03-20 06:06:36
-------------------
(live transaction) --> https://api-3t.paypal.com/nvp
Request Headers: 
Array
(
    [0] => Content-Type: text/namevalue
    [1] => X-VPS-Timeout: 90
    [2] => X-VPS-VIT-Client-Type: PHP/cURL
    [3] => X-VPS-VIT-Integration-Product: PHP::Zen Cart(R) - PayPal/NVP
    [4] => X-VPS-VIT-Integration-Version: 1.5.1
)


Request Parameters: {SetExpressCheckout} 
Array
(
    [AMT] => 117.00
    [ITEMAMT] => 97.00
    [SHIPPINGAMT] => 20.00
    [L_NUMBER0] => SD001
    [L_NAME0] => Anna 3 holes blow up sex doll for male [1435]
    [L_QTY0] => 1
    [L_AMT0] => 97.00
    [CURRENCYCODE] => USD
    [LOCALECODE] => US
    [GIFTMESSAGEENABLE] => 0
    [GIFTRECEIPTEENABLE] => 0
    [GIFTWRAPENABLE] => 0
    [GIFTWRAPNAME] => 
    [GIFTWRAPAMOUNT] => 0
    [BUYEREMAILOPTINENABLE] => 0
    [CUSTOMERSERVICENUMBER] => 
    [BRANDNAME] => Niteland Adult Toy Online Store
    [PAYMENTACTION] => Sale
    [ALLOWNOTE] => 1
    [LANDINGPAGE] => Billing
    [NOSHIPPING] => 0
    [ADDROVERRIDE] => 1
    [SHIPTONAME] => Mike Johnson
    [SHIPTOSTREET] => 772 Sand Creek Cir
    [SHIPTOCITY] => Weston
    [SHIPTOZIP] => 33327
    [SHIPTOSTATE] => FL
    [SHIPTOCOUNTRYCODE] => US
    [SHIPTOPHONENUM] => 
    [EMAIL] => Tbjumpstation@gmail.com
    [RETURNURL] => http://www.sexdollsale.com/ipn_main_handler.php?type=ec
    [CANCELURL] => http://www.sexdollsale.com/index.php?main_page=checkout_shipping&ec_cancel=1
    [PAGESTYLE] => Primary
    [METHOD] => SetExpressCheckout
    [USER] => amigasexdoll_api1.gmail.com
    [PWD] => ****************
    [VERSION] => 61.0
    [SIGNATURE] => ****************************************************xHcT
)


Response: 
Array
(
    [] => 
    [CURL_ERRORS] => (35) error:14094410:SSL routines:SSL3_READ_BYTES:sslv3 alert handshake failure
)

(35) error:14094410:SSL routines:SSL3_READ_BYTES:sslv3 alert handshake failure
Array
(
    [url] => https://api-3t.paypal.com/nvp
    [content_type] => 
    [http_code] => 0
    [header_size] => 0
    [request_size] => 0
    [filetime] => -1
    [ssl_verify_result] => 0
    [redirect_count] => 0
    [total_time] => 0.042734
    [namelookup_time] => 0.002936
    [connect_time] => 0.042801
    [pretransfer_time] => 0
    [size_upload] => 0
    [size_download] => 0
    [speed_download] => 0
    [speed_upload] => 0
    [download_content_length] => -1
    [upload_content_length] => -1
    [starttransfer_time] => 0
    [redirect_time] => 0
    [certinfo] => Array
        (
        )

    [primary_ip] => 173.0.84.101
    [primary_port] => 443
    [local_ip] => 173.254.55.167
    [local_port] => 37554
    [redirect_url] => 
)


SetExpressCheckout, Elapsed: 104ms -- Failed
(35) error:14094410:SSL routines:SSL3_READ_BYTES:sslv3 alert handshake failure
Array
(
    [url] => https://api-3t.paypal.com/nvp
    [content_type] => 
    [http_code] => 0
    [header_size] => 0
    [request_size] => 0
    [filetime] => -1
    [ssl_verify_result] => 0
    [redirect_count] => 0
    [total_time] => 0.042734
    [namelookup_time] => 0.002936
    [connect_time] => 0.042801
    [pretransfer_time] => 0
    [size_upload] => 0
    [size_download] => 0
    [speed_download] => 0
    [speed_upload] => 0
    [download_content_length] => -1
    [upload_content_length] => -1
    [starttransfer_time] => 0
    [redirect_time] => 0
    [certinfo] => Array
        (
        )

    [primary_ip] => 173.0.84.101
    [primary_port] => 443
    [local_ip] => 173.254.55.167
    [local_port] => 37554
    [redirect_url] => 
)


