Apr-30-2014 15:00:44 (1398870044)
getLineItemDetails 7 - subtotal comparisons
BEFORE line-item calcs: Array
(
    [AMT] => 59.51
    [ITEMAMT] => 59.51
    [TAXAMT] => 0
    [SHIPPINGAMT] => 0
    [SHIPDISCAMT] => 0
    [HANDLINGAMT] => 0
    [INSURANCEAMT] => 0
)
AFTER doing line-item calcs: Array
(
    [AMT] => 59.51
    [ITEMAMT] => 59.51
    [TAXAMT] => 0
    [SHIPPINGAMT] => 0
    [SHIPDISCAMT] => 0
    [HANDLINGAMT] => 0
    [INSURANCEAMT] => 0
    [L_NUMBER0] => SD91
    [L_NAME0] => New Eastern beautiful face Sex dolls [1394]
    [L_QTY0] => 1
    [L_AMT0] => 59.51
)

=================================

Apr-30-2014 15:00:44 (1398870044)
getLineItemDetails 8
checking subtotals... 
Array
(
    [calculated total] => 59.51
    [AMT] => 59.51
    [ITEMAMT] => 59.51
)

-------------------
difference: 0  (abs+rounded: 0)
=================================

Apr-30-2014 15:00:44 (1398870044)
getLineItemDetails 10
subtotals balance - okay
=================================

Apr-30-2014 15:00:44 (1398870044)
ec_step1 - 1
Checking to see if we are in markflow
cart contents: physical

NOTE: $this->showPaymentPage = 0
Customer ID: 430
Session Data: Array
(
    [securityToken] => d41bcfb33039ed3d2a07237fa0480fee
    [customers_host_address] => 130.119.156.27.broad.fz.fj.dynamic.163data.com.cn
    [cartID] => 
    [cart] => shoppingCart Object
        (
            [contents] => Array
                (
                    [1394] => Array
                        (
                            [qty] => 1
                        )

                )

            [total] => 59.51
            [weight] => 2.8
            [cartID] => 31083
            [content_type] => physical
            [free_shipping_item] => 0
            [free_shipping_weight] => 0
            [free_shipping_price] => 0
        )

    [check_valid] => true
    [language] => english
    [languages_id] => 1
    [languages_code] => en
    [currency] => GBP
    [today_is] => 2014-04-30
    [updateExpirations] => 1
    [session_counter] => 1
    [customers_ip_address] => 27.156.119.130
    [new_products_id_in_cart] => 1394
    [valid_to_checkout] => 1
    [cart_errors] => 
    [payment] => paypalwpp
    [customer_id] => 430
    [customer_default_address_id] => 473
    [customer_first_name] => JianZe
    [customer_country_id] => 44
    [customer_zone_id] => 0
    [messageToStack] => 
)

=================================

Apr-30-2014 15:00:44 (1398870044)
ec-step1-addr_check
cart content is not all virtual (or customer is not logged in) ... therefore will be submitting address details
=================================

Apr-30-2014 15:00:44 (1398870044)
getOverrideAddress - 4
not logged in and not in markflow mode - nothing to override
=================================

Apr-30-2014 15:00:44 (1398870044)
ec-step1-addr_check3
address details from override check: <NONE FOUND>
=================================

Apr-30-2014 15:00:44 (1398870044)
ec_step1 - 2 -submit
Array
(
    [AMT] => 59.51
    [ITEMAMT] => 59.51
    [L_NUMBER0] => SD91
    [L_NAME0] => New Eastern beautiful face Sex dolls [1394]
    [L_QTY0] => 1
    [L_AMT0] => 59.51
    [CURRENCYCODE] => GBP
    [LOCALECODE] => CN
    [GIFTMESSAGEENABLE] => 0
    [GIFTRECEIPTEENABLE] => 0
    [GIFTWRAPENABLE] => 0
    [GIFTWRAPNAME] => 
    [GIFTWRAPAMOUNT] => 0
    [BUYEREMAILOPTINENABLE] => 0
    [CUSTOMERSERVICENUMBER] => 
    [BRANDNAME] => Aniga Doll Online Store
    [PAYMENTACTION] => Sale
    [ALLOWNOTE] => 1
    [SOLUTIONTYPE] => Sole
    [LANDINGPAGE] => Billing
    [NOSHIPPING] => 0
    [EMAIL] => amigatoy@gmail.com
    [SHIPTOPHONENUM] => +86 18059949858
    [RETURNURL] => http://www.ebayst.com/ipn_main_handler.php?type=ec
    [CANCELURL] => http://www.ebayst.com/index.php?main_page=checkout_shipping&ec_cancel=1
)

=================================

