Apr-23-2014 12:02:50 (1398254570)
ec_step2 
Re-instantiating $order object.
=================================

Apr-23-2014 12:02:50 (1398254570)
ec_step2 
Instantiated $order object contents: order Object
(
    [info] => Array
        (
            [order_status] => 2
            [currency] => GBP
            [currency_value] => 1.00000000
            [payment_method] => PayPal
            [payment_module_code] => paypalwpp
            [coupon_code] => 
            [shipping_method] => 
            [shipping_module_code] => 
            [shipping_cost] => 
            [subtotal] => 108.2
            [shipping_tax] => 0
            [tax] => 0
            [total] => 108.2
            [tax_groups] => Array
                (
                    [0] => 0
                )

            [comments] => 
            [ip_address] => 110.90.43.197 - 110.90.43.197
        )

    [totals] => Array
        (
        )

    [products] => Array
        (
            [0] => Array
                (
                    [qty] => 1
                    [name] => inflated asian girl face sex doll
                    [model] => SKY001
                    [tax] => 0
                    [tax_groups] => Array
                        (
                            [0] => Sales Tax
                        )

                    [tax_description] => Sales Tax
                    [price] => 108.2000
                    [final_price] => 108.2
                    [onetime_charges] => 0
                    [weight] => 0
                    [products_priced_by_attribute] => 0
                    [product_is_free] => 0
                    [products_discount_type] => 0
                    [products_discount_type_from] => 0
                    [id] => 1440
                    [rowClass] => rowEven
                )

        )

    [customer] => Array
        (
            [firstname] => 
            [lastname] => 
            [company] => 
            [street_address] => 
            [suburb] => 
            [city] => 
            [postcode] => 
            [state] => 
            [zone_id] => 
            [country] => Array
                (
                    [id] => 
                    [title] => 
                    [iso_code_2] => 
                    [iso_code_3] => 
                )

            [format_id] => 0
            [telephone] => 
            [email_address] => 
        )

    [delivery] => Array
        (
            [firstname] => 
            [lastname] => 
            [company] => 
            [street_address] => 
            [suburb] => 
            [city] => 
            [postcode] => 
            [state] => 
            [zone_id] => 
            [country] => Array
                (
                    [id] => 
                    [title] => 
                    [iso_code_2] => 
                    [iso_code_3] => 
                )

            [country_id] => 
            [format_id] => 0
        )

    [content_type] => physical
    [email_low_stock] => 
    [products_ordered_attributes] => 
    [products_ordered] => 
    [products_ordered_email] => 
    [attachArray] => 
    [billing] => Array
        (
            [firstname] => 
            [lastname] => 
            [company] => 
            [street_address] => 
            [suburb] => 
            [city] => 
            [postcode] => 
            [state] => 
            [zone_id] => 
            [country] => Array
                (
                    [id] => 
                    [title] => 
                    [iso_code_2] => 
                    [iso_code_3] => 
                )

            [country_id] => 
            [format_id] => 0
        )

)

=================================

Apr-23-2014 12:02:50 (1398254570)
ec_step2_finish - 1
START: paypal_ec_payer_info= Array
(
    [payer_id] => QVYKHWYNWPZUY
    [payer_email] => amigatoy@gmail.com
    [payer_salutation] => 
    [payer_gender] => 
    [payer_firstname] => JianZe
    [payer_lastname] => Zeng
    [payer_business] => 
    [payer_status] => verified
    [ship_country_code] => CN
    [ship_address_status] => Unconfirmed
    [ship_phone] => +86 18059949858
    [order_comment] => 
    [ship_name] => Zeng JianZe
    [ship_street_1] => 冯宅村28号(No.28 Fengzhai Village)Cell No:15705910133
    [ship_street_2] => 
    [ship_city] => 福州市仓山区建新镇(Jianxin Town,fuzhou city)
    [ship_state] => Fujian
    [ship_postal_code] => 350000
    [ship_country_name] => China
)

=================================

Apr-23-2014 12:02:50 (1398254570)
ec_step2_finish - 2
country_id = 44 China CN
address_format_id = 1
state_id = 0 (original state tested: Fujian)
country1->fields['countries_id'] = 44
country2->fields['countries_id'] = 44
$order->customer = Array
(
    [firstname] => 
    [lastname] => 
    [company] => 
    [street_address] => 冯宅村28号(No.28 Fengzhai Village)Cell No:15705910133
    [suburb] => 
    [city] => 福州市仓山区建新镇(Jianxin Town,fuzhou city)
    [postcode] => 350000
    [state] => Fujian
    [zone_id] => 0
    [country] => Array
        (
            [id] => 44
            [title] => China
            [iso_code_2] => CN
            [iso_code_3] => CHN
        )

    [format_id] => 1
    [telephone] => +86 18059949858
    [email_address] => amigatoy@gmail.com
    [name] => JianZe Zeng
)

=================================

Apr-23-2014 12:02:50 (1398254570)
ec_step2_finish - 4
Not logged in. Looking for account.
0 matching customer records found.
=================================

Apr-23-2014 12:02:50 (1398254570)
ec_step2_finish - 6
No ZC account found for this customer. Creating new account.
$this->new_acct_notify =Yes
=================================

Apr-23-2014 12:03:13 (1398254593)
ec_step2_finish - 7
Auto-Logged customer in. (amigatoy@gmail.com) (430)
$_SESSION[paypal_ec_temp]=
=================================

Apr-23-2014 12:03:13 (1398254593)
findMatchingAddressBookEntry - 1-stats
lookups:
Array
(
    [countries_id] => 44
    [address_format_id] => 1
    [zone_country_id] => 
    [zone_id] => -not found-
)

check_zone: 0
zone:0
SubmittedAddress:Array
(
    [firstname] => 
    [lastname] => 
    [company] => Zeng JianZe
    [street_address] => 冯宅村28号(No.28 Fengzhai Village)Cell No:15705910133
    [suburb] => 
    [city] => 福州市仓山区建新镇(Jianxin Town,fuzhou city)
    [postcode] => 350000
    [state] => Fujian
    [zone_id] => 0
    [country] => Array
        (
            [id] => 44
            [title] => China
            [iso_code_2] => CN
            [iso_code_3] => CHN
        )

    [country_id] => 44
    [format_id] => 1
    [name] => Zeng JianZe
)

=================================

Apr-23-2014 12:03:13 (1398254593)
findMatchingAddressBookEntry - 2-read for match

Lookup RecordCount = 1
=================================

Apr-23-2014 12:03:13 (1398254593)
findMatchingAddressBookEntry - 3a
From PayPal:
冯宅村28号(no.28fengzhaivillage)cellno:15705910133福州市仓山区建新镇(jianxintown,fuzhoucity)

From DB:
冯宅村28号(no.28fengzhaivillage)cellno:15705910133福州市仓山区建新镇(jian
Array
(
    [address_book_id] => 473
    [entry_street_address] => 冯宅村28号(No.28 Fengzhai Village)Cell No:15705910133
    [entry_suburb] => 
    [entry_city] => 福州市仓山区建新镇(Jian
    [entry_company] => Zeng JianZe
    [entry_firstname] => JianZe
    [entry_lastname] => Zeng
)

=================================

Apr-23-2014 12:03:13 (1398254593)
findMatchingAddressBookEntry - 3b
partial match (DB):
Array
(
    [address_book_id] => 473
    [entry_street_address] => 冯宅村28号(No.28 Fengzhai Village)Cell No:15705910133
    [entry_suburb] => 
    [entry_city] => 福州市仓山区建新镇(Jian
    [entry_company] => Zeng JianZe
    [entry_firstname] => JianZe
    [entry_lastname] => Zeng
)

=================================

Apr-23-2014 12:03:14 (1398254594)
ec_step2_finish - 8
Exiting via terminateEC (from originally-not-logged-in mode).
Selected address: 473
Original was: 0
prepared data: Array
(
    [firstname] => 
    [lastname] => 
    [company] => 
    [street_address] => 冯宅村28号(No.28 Fengzhai Village)Cell No:15705910133
    [suburb] => 
    [city] => 福州市仓山区建新镇(Jianxin Town,fuzhou city)
    [postcode] => 350000
    [state] => Fujian
    [zone_id] => 0
    [country] => Array
        (
            [id] => 44
            [title] => China
            [iso_code_2] => CN
            [iso_code_3] => CHN
        )

    [format_id] => 1
    [telephone] => +86 18059949858
    [email_address] => amigatoy@gmail.com
    [name] => JianZe Zeng
    [id] => 430
)

=================================

Apr-23-2014 12:03:14 (1398254594)
termEC-2
BEFORE: $this->showPaymentPage = 0
Token Data:EC-2VS36798GF352282U
=================================

Apr-23-2014 12:03:14 (1398254594)
termEC-3
AFTER: $this->showPaymentPage = 1
=================================

Apr-23-2014 12:03:14 (1398254594)
termEC-4
We ARE logged in, and $this->showPaymentPage === true
=================================

Apr-23-2014 12:03:14 (1398254594)
termEC-6
We DO have a shipping method selected, so goto PAYMENT
=================================

Apr-23-2014 12:03:14 (1398254594)
termEC-10
Redirecting to checkout_payment - Stack: checkout_payment
Message: 
Session Data: Array
(
    [securityToken] => 558bbad0af0d59f3e664d18327d7f6bd
    [customers_host_address] => 197.43.90.110.broad.fz.fj.dynamic.163data.com.cn
    [cartID] => 
    [cart] => shoppingCart Object
        (
            [contents] => Array
                (
                    [1440] => Array
                        (
                            [qty] => 1
                        )

                )

            [total] => 108.2
            [weight] => 0
            [content_type] => physical
            [free_shipping_item] => 0
            [free_shipping_weight] => 0
            [free_shipping_price] => 0
            [cartID] => 27785
        )

    [navigation] => navigationHistory Object
        (
            [path] => Array
                (
                    [0] => Array
                        (
                            [page] => index
                            [mode] => NONSSL
                            [get] => Array
                                (
                                    [type] => ec
                                    [token] => EC-2VS36798GF352282U
                                    [PayerID] => QVYKHWYNWPZUY
                                )

                            [post] => Array
                                (
                                )

                        )

                )

            [snapshot] => Array
                (
                    [page] => product_info
                    [mode] => NONSSL
                    [get] => Array
                        (
                            [products_id] => 1440
                            [zenid] => c3c779c01aef8897ebcd061ffd6c163f
                        )

                    [post] => Array
                        (
                        )

                )

        )

    [check_valid] => true
    [language] => english
    [languages_id] => 1
    [languages_code] => en
    [currency] => GBP
    [today_is] => 2014-04-23
    [updateExpirations] => 1
    [session_counter] => 1
    [customers_ip_address] => 110.90.43.197
    [new_products_id_in_cart] => 
    [valid_to_checkout] => 1
    [cart_errors] => 
    [payment] => paypalwpp
    [paypal_ec_token] => EC-2VS36798GF352282U
    [paypal_ec_payer_id] => QVYKHWYNWPZUY
    [paypal_ec_payer_info] => Array
        (
            [payer_id] => QVYKHWYNWPZUY
            [payer_email] => amigatoy@gmail.com
            [payer_salutation] => 
            [payer_gender] => 
            [payer_firstname] => JianZe
            [payer_lastname] => Zeng
            [payer_business] => 
            [payer_status] => verified
            [ship_country_code] => CN
            [ship_address_status] => Unconfirmed
            [ship_phone] => +86 18059949858
            [order_comment] => 
            [ship_name] => Zeng JianZe
            [ship_street_1] => 冯宅村28号(No.28 Fengzhai Village)Cell No:15705910133
            [ship_street_2] => 
            [ship_city] => 福州市仓山区建新镇(Jianxin Town,fuzhou city)
            [ship_state] => Fujian
            [ship_postal_code] => 350000
            [ship_country_name] => China
        )

    [customer_guest_id] => 430
    [paypal_ec_temp] => 
    [customer_id] => 430
    [customer_default_address_id] => 473
    [customer_first_name] => JianZe
    [customer_country_id] => 44
    [customer_zone_id] => 0
    [sendto] => 473
    [billto] => 473
    [shipping] => Array
        (
            [id] => freeoptions_freeoptions
            [title] => Free Shipping Options (Free Shipping)
            [cost] => 0
            [module] => freeoptions
        )

)

=================================

