2015-06-11 02:27:01
-------------------
(live transaction) --> https://api-3t.paypal.com/nvp
Request Headers: 
Array
(
    [0] => Content-Type: text/namevalue
    [1] => X-VPS-Timeout: 90
    [2] => X-VPS-VIT-Client-Type: PHP/cURL
    [3] => X-VPS-VIT-Integration-Product: PHP::Zen Cart(R) - PayPal/NVP
    [4] => X-VPS-VIT-Integration-Version: 1.5.1
)


Request Parameters: {SetExpressCheckout} 
Array
(
    [AMT] => 396.00
    [ITEMAMT] => 356.00
    [SHIPPINGAMT] => 40.00
    [L_NUMBER0] => SDT002
    [L_NAME0] => Lifelike 3D inflated sex doll [1465]
    [L_QTY0] => 1
    [L_AMT0] => 130.00
    [L_NUMBER1] => LS004
    [L_NAME1] => Lingerie women for all kinds of life dolls [1506]
    [L_QTY1] => 1
    [L_AMT1] => 10.00
    [L_NUMBER2] => SD077
    [L_NAME2] => Nancy greedy girl sex doll [1405]
    [L_QTY2] => 1
    [L_AMT2] => 126.00
    [L_NUMBER3] => SD078
    [L_NAME3] => Flesh happy Lucy sexy real love doll [1401]
    [L_QTY3] => 1
    [L_AMT3] => 90.00
    [CURRENCYCODE] => USD
    [LOCALECODE] => US
    [GIFTMESSAGEENABLE] => 0
    [GIFTRECEIPTEENABLE] => 0
    [GIFTWRAPENABLE] => 0
    [GIFTWRAPNAME] => 
    [GIFTWRAPAMOUNT] => 0
    [BUYEREMAILOPTINENABLE] => 0
    [CUSTOMERSERVICENUMBER] => 
    [BRANDNAME] => Niteland Adult Toy Online Store
    [PAYMENTACTION] => Sale
    [ALLOWNOTE] => 1
    [LANDINGPAGE] => Billing
    [NOSHIPPING] => 0
    [ADDROVERRIDE] => 1
    [SHIPTONAME] => Antonio Romanovski
    [SHIPTOSTREET] => 165 Amboy Rd unit 200, apt.26989
    [SHIPTOCITY] => Morganville
    [SHIPTOZIP] => 07751
    [SHIPTOSTATE] => NJ
    [SHIPTOCOUNTRYCODE] => US
    [SHIPTOPHONENUM] => 
    [EMAIL] => joythemail01@gmail.com
    [RETURNURL] => http://www.sexdollsale.com/ipn_main_handler.php?type=ec
    [CANCELURL] => http://www.sexdollsale.com/index.php?main_page=checkout_shipping&ec_cancel=1
    [PAGESTYLE] => Primary
    [METHOD] => SetExpressCheckout
    [USER] => amigasexdoll_api1.gmail.com
    [PWD] => ****************
    [VERSION] => 61.0
    [SIGNATURE] => ****************************************************xHcT
)


Response: 
Array
(
    [TOKEN] => EC-99K1441688470484W
    [TIMESTAMP] => 2015-06-11T20:27:01Z
    [CORRELATIONID] => 5c2dc214f04ad
    [ACK] => Success
    [VERSION] => 61.0
    [BUILD] => 17002076
    [CURL_ERRORS] => 
)


SetExpressCheckout, Elapsed: 712ms -- Success

