2014-04-04 08:03:08
-------------------
(live transaction) --> https://api-3t.paypal.com/nvp
Request Headers: 
Array
(
    [0] => Content-Type: text/namevalue
    [1] => X-VPS-Timeout: 90
    [2] => X-VPS-VIT-Client-Type: PHP/cURL
    [3] => X-VPS-VIT-Integration-Product: PHP::Zen Cart(R) - PayPal/NVP
    [4] => X-VPS-VIT-Integration-Version: 1.5.1
)


Request Parameters: {SetExpressCheckout} 
Array
(
    [AMT] => 23.44
    [ITEMAMT] => 23.44
    [L_NUMBER0] => BJ001
    [L_NAME0] => deep throat blow-up job male masturbator stroker [1453]
    [L_QTY0] => 1
    [L_AMT0] => 23.44
    [CURRENCYCODE] => GBP
    [LOCALECODE] => US
    [GIFTMESSAGEENABLE] => 0
    [GIFTRECEIPTEENABLE] => 0
    [GIFTWRAPENABLE] => 0
    [GIFTWRAPNAME] => 
    [GIFTWRAPAMOUNT] => 0
    [BUYEREMAILOPTINENABLE] => 0
    [CUSTOMERSERVICENUMBER] => 
    [BRANDNAME] => Aniga Doll Online Store
    [PAYMENTACTION] => Sale
    [ALLOWNOTE] => 1
    [LANDINGPAGE] => Billing
    [NOSHIPPING] => 0
    [RETURNURL] => http://www.ebayst.com/ipn_main_handler.php?type=ec
    [CANCELURL] => http://www.ebayst.com/index.php?main_page=shopping_cart&ec_cancel=1
    [PAGESTYLE] => Primary
    [METHOD] => SetExpressCheckout
    [USER] => amigatoy_api1.gmail.com
    [PWD] => ****************
    [VERSION] => 61.0
    [SIGNATURE] => ****************************************************EmoS
)


Response: 
Array
(
    [TOKEN] => EC-0PV65444FE433570D
    [TIMESTAMP] => 2014-04-04T08:03:08Z
    [CORRELATIONID] => 5ffea8623519b
    [ACK] => Success
    [VERSION] => 61.0
    [BUILD] => 10433064
    [CURL_ERRORS] => 
)


SetExpressCheckout, Elapsed: 973ms -- Success

