2014-05-04 01:19:41
-------------------
(live transaction) --> https://api-3t.paypal.com/nvp
Request Headers: 
Array
(
    [0] => Content-Type: text/namevalue
    [1] => X-VPS-Timeout: 90
    [2] => X-VPS-VIT-Client-Type: PHP/cURL
    [3] => X-VPS-VIT-Integration-Product: PHP::Zen Cart(R) - PayPal/NVP
    [4] => X-VPS-VIT-Integration-Version: 1.5.1
)


Request Parameters: {SetExpressCheckout} 
Array
(
    [AMT] => 17.43
    [ITEMAMT] => 17.43
    [L_NUMBER0] => MS019
    [L_NAME0] => Medical Silicon material pussy stroker [1383]
    [L_QTY0] => 1
    [L_AMT0] => 17.43
    [CURRENCYCODE] => GBP
    [LOCALECODE] => CN
    [GIFTMESSAGEENABLE] => 0
    [GIFTRECEIPTEENABLE] => 0
    [GIFTWRAPENABLE] => 0
    [GIFTWRAPNAME] => 
    [GIFTWRAPAMOUNT] => 0
    [BUYEREMAILOPTINENABLE] => 0
    [CUSTOMERSERVICENUMBER] => 
    [BRANDNAME] => Aniga Doll Online Store
    [PAYMENTACTION] => Sale
    [ALLOWNOTE] => 1
    [LANDINGPAGE] => Billing
    [NOSHIPPING] => 0
    [EMAIL] => amigatoy@gmail.com
    [SHIPTOPHONENUM] =>  86 18059949858
    [RETURNURL] => http://www.ebayst.com/ipn_main_handler.php?type=ec
    [CANCELURL] => http://www.ebayst.com/index.php?main_page=checkout_shipping&ec_cancel=1
    [PAGESTYLE] => Primary
    [METHOD] => SetExpressCheckout
    [USER] => amigasexdoll_api1.gmail.com
    [PWD] => ****************
    [VERSION] => 61.0
    [SIGNATURE] => ****************************************************xHcT
)


Response: 
Array
(
    [TOKEN] => EC-68K82804DV345421H
    [TIMESTAMP] => 2014-05-04T13:19:41Z
    [CORRELATIONID] => f43c15fada02f
    [ACK] => Success
    [VERSION] => 61.0
    [BUILD] => 10850615
    [CURL_ERRORS] => 
)


SetExpressCheckout, Elapsed: 749ms -- Success

