May-06-2014 08:09:34 (1399363774)
getLineItemDetails 7 - subtotal comparisons
BEFORE line-item calcs: Array
(
    [AMT] => 3396.2
    [ITEMAMT] => 3396.2
    [TAXAMT] => 0
    [SHIPPINGAMT] => 0
    [SHIPDISCAMT] => 0
    [HANDLINGAMT] => 0
    [INSURANCEAMT] => 0
)
AFTER doing line-item calcs: Array
(
    [AMT] => 3396.2
    [ITEMAMT] => 3396.2
    [TAXAMT] => 0
    [SHIPPINGAMT] => 0
    [SHIPDISCAMT] => 0
    [HANDLINGAMT] => 0
    [INSURANCEAMT] => 0
    [L_NUMBER0] => SD1181
    [L_NAME0] => 3D real girl silicon sex doll [1499]
    [L_QTY0] => 1
    [L_AMT0] => 330
    [L_NUMBER1] => SJK001
    [L_NAME1] => Big boobs*fat ass silicon love doll [1417]
    [L_QTY1] => 1
    [L_AMT1] => 3004.9
    [L_NUMBER2] => SD100
    [L_NAME2] => inflatable Chinese sex doll [1448]
    [L_QTY2] => 1
    [L_AMT2] => 61.3
)

=================================

May-06-2014 08:09:34 (1399363774)
getLineItemDetails 8
checking subtotals... 
Array
(
    [calculated total] => 3,396.20
    [AMT] => 3,396.20
    [ITEMAMT] => 3,396.20
)

-------------------
difference: 0  (abs+rounded: 0)
=================================

May-06-2014 08:09:34 (1399363774)
getLineItemDetails 10
subtotals balance - okay
=================================

May-06-2014 08:09:34 (1399363774)
ec_step1 - 1
Checking to see if we are in markflow
cart contents: physical

NOTE: $this->showPaymentPage = 0
Customer ID: 0
Session Data: Array
(
    [securityToken] => 2eea526459669530133055aabf96ad6b
    [customers_host_address] => cf-173-245-48-220.cloudflare.com
    [cartID] => 
    [cart] => shoppingCart Object
        (
            [contents] => Array
                (
                    [1499] => Array
                        (
                            [qty] => 1
                        )

                    [1417] => Array
                        (
                            [qty] => 1
                        )

                    [1448] => Array
                        (
                            [qty] => 1
                        )

                )

            [total] => 3396.2
            [weight] => 12
            [cartID] => 35769
            [content_type] => physical
            [free_shipping_item] => 0
            [free_shipping_weight] => 0
            [free_shipping_price] => 0
        )

    [check_valid] => true
    [language] => english
    [languages_id] => 1
    [languages_code] => en
    [currency] => GBP
    [today_is] => 2014-05-06
    [updateExpirations] => 1
    [session_counter] => 1
    [customers_ip_address] => 173.245.48.220
    [valid_to_checkout] => 1
    [cart_errors] => 
    [new_products_id_in_cart] => 1448
    [payment] => paypalwpp
)

=================================

May-06-2014 08:09:34 (1399363774)
ec-step1-addr_check
cart content is not all virtual (or customer is not logged in) ... therefore will be submitting address details
=================================

May-06-2014 08:09:34 (1399363774)
getOverrideAddress - 4
not logged in and not in markflow mode - nothing to override
=================================

May-06-2014 08:09:34 (1399363774)
ec-step1-addr_check3
address details from override check: <NONE FOUND>
=================================

May-06-2014 08:09:34 (1399363774)
ec_step1 - 2 -submit
Array
(
    [AMT] => 3,396.20
    [ITEMAMT] => 3,396.20
    [L_NUMBER0] => SD1181
    [L_NAME0] => 3D real girl silicon sex doll [1499]
    [L_QTY0] => 1
    [L_AMT0] => 330.00
    [L_NUMBER1] => SJK001
    [L_NAME1] => Big boobs*fat ass silicon love doll [1417]
    [L_QTY1] => 1
    [L_AMT1] => 3,004.90
    [L_NUMBER2] => SD100
    [L_NAME2] => inflatable Chinese sex doll [1448]
    [L_QTY2] => 1
    [L_AMT2] => 61.30
    [CURRENCYCODE] => GBP
    [LOCALECODE] => US
    [GIFTMESSAGEENABLE] => 0
    [GIFTRECEIPTEENABLE] => 0
    [GIFTWRAPENABLE] => 0
    [GIFTWRAPNAME] => 
    [GIFTWRAPAMOUNT] => 0
    [BUYEREMAILOPTINENABLE] => 0
    [CUSTOMERSERVICENUMBER] => 
    [BRANDNAME] => Aniga Doll Online Store
    [PAYMENTACTION] => Sale
    [ALLOWNOTE] => 1
    [SOLUTIONTYPE] => Sole
    [LANDINGPAGE] => Billing
    [NOSHIPPING] => 0
    [RETURNURL] => http://www.ebayst.com/ipn_main_handler.php?type=ec&zenid=66ea5850aa39edc6c885fdfbdf26efe0
    [CANCELURL] => http://www.ebayst.com/shopping_cart?ec_cancel=1&zenid=66ea5850aa39edc6c885fdfbdf26efe0
)

=================================

