2015-05-16 11:54:55
-------------------
(live transaction) --> https://api-3t.paypal.com/nvp
Request Headers: 
Array
(
    [0] => Content-Type: text/namevalue
    [1] => X-VPS-Timeout: 90
    [2] => X-VPS-VIT-Client-Type: PHP/cURL
    [3] => X-VPS-VIT-Integration-Product: PHP::Zen Cart(R) - PayPal/NVP
    [4] => X-VPS-VIT-Integration-Version: 1.5.1
)


Request Parameters: {DoExpressCheckoutPayment} 
Array
(
    [AMT] => 60.00
    [ITEMAMT] => 60.00
    [L_NUMBER0] => mv045
    [L_NAME0] => wireless remote control massage vibrators [1524]
    [L_QTY0] => 1
    [L_AMT0] => 60.00
    [SHIPTONAME] => ANPING LIN
    [SHIPTOSTREET] => 1669 E Trenton ave
    [SHIPTOCITY] => Fresno
    [SHIPTOSTATE] => CA
    [SHIPTOZIP] => 93720
    [SHIPTOCOUNTRYCODE] => US
    [BUTTONSOURCE] => ZenCart-EC_us
    [RETURNFMFDETAILS] => 0
    [CUSTOM] => EC-434-1431842092
    [INVNUM] => 434-1431842092-[NitelandAdultToyOnlineStore]
    [TOKEN] => EC-34E24358C38771442
    [PAYERID] => 5H252Y2PKBSYE
    [PAYMENTACTION] => Sale
    [NOTIFYURL] => http://www.sexdollsale.com/ipn_main_handler.php
    [METHOD] => DoExpressCheckoutPayment
    [CURRENCYCODE] => USD
    [USER] => amigasexdoll_api1.gmail.com
    [PWD] => ****************
    [VERSION] => 61.0
    [SIGNATURE] => ****************************************************xHcT
)


Response: 
Array
(
    [TOKEN] => EC-34E24358C38771442
    [SUCCESSPAGEREDIRECTREQUESTED] => false
    [TIMESTAMP] => 2015-05-17T05:54:55Z
    [CORRELATIONID] => 5e799bfc4c4c5
    [ACK] => Success
    [VERSION] => 61.0
    [BUILD] => 16684246
    [TRANSACTIONID] => 5XP0758553596832E
    [TRANSACTIONTYPE] => cart
    [PAYMENTTYPE] => instant
    [ORDERTIME] => 2015-05-17T05:54:54Z
    [AMT] => 60.00
    [FEEAMT] => 2.94
    [TAXAMT] => 0.00
    [CURRENCYCODE] => USD
    [PAYMENTSTATUS] => Completed
    [PENDINGREASON] => None
    [REASONCODE] => None
    [PROTECTIONELIGIBILITY] => Eligible
    [INSURANCEOPTIONSELECTED] => false
    [SHIPPINGOPTIONISDEFAULT] => false
    [CURL_ERRORS] => 
)


DoExpressCheckoutPayment, Elapsed: 2427ms -- Success

